22:40:57 **** Incremental Build of configuration Debug for project Jig_Control ****
make all 
Building file: ../Main_App.c
Invoking: AVR Compiler
avr-gcc -Wall -g2 -gstabs -O0 -fpack-struct -fshort-enums -ffunction-sections -fdata-sections -std=gnu99 -funsigned-char -funsigned-bitfields -mmcu=atmega32 -DF_CPU=16000000UL -MMD -MP -MF"Main_App.d" -MT"Main_App.o" -c -o "Main_App.o" "../Main_App.c"
In file included from ../Main_App.c:14:
c:/winavr-20100110/lib/gcc/../../avr/include/util/delay.h:90:3: warning: #warning "Compiler optimizations disabled; functions from <util/delay.h> won't work as designed"
../Main_App.c: In function 'main':
../Main_App.c:52: warning: pointer targets in passing argument 1 of 'UART_sendString' differ in signedness
../Main_App.c:62: warning: pointer targets in passing argument 1 of 'UART_sendString' differ in signedness
../Main_App.c:72: warning: pointer targets in passing argument 1 of 'UART_sendString' differ in signedness
../Main_App.c:82: warning: pointer targets in passing argument 1 of 'UART_sendString' differ in signedness
../Main_App.c:92: warning: pointer targets in passing argument 1 of 'UART_sendString' differ in signedness
../Main_App.c:102: warning: pointer targets in passing argument 1 of 'UART_sendString' differ in signedness
../Main_App.c:112: warning: pointer targets in passing argument 1 of 'UART_sendString' differ in signedness
../Main_App.c:122: warning: pointer targets in passing argument 1 of 'UART_sendString' differ in signedness
../Main_App.c:132: warning: pointer targets in passing argument 1 of 'UART_sendString' differ in signedness
../Main_App.c:22: warning: unused variable 'J3_Num_Pressed'
../Main_App.c:21: warning: unused variable 'J2_Num_Pressed'
../Main_App.c:20: warning: unused variable 'J1_Num_Pressed'
Finished building: ../Main_App.c
 
Building file: ../gpio.c
Invoking: AVR Compiler
avr-gcc -Wall -g2 -gstabs -O0 -fpack-struct -fshort-enums -ffunction-sections -fdata-sections -std=gnu99 -funsigned-char -funsigned-bitfields -mmcu=atmega32 -DF_CPU=16000000UL -MMD -MP -MF"gpio.d" -MT"gpio.o" -c -o "gpio.o" "../gpio.c"
Finished building: ../gpio.c
 
Building file: ../keypad.c
Invoking: AVR Compiler
avr-gcc -Wall -g2 -gstabs -O0 -fpack-struct -fshort-enums -ffunction-sections -fdata-sections -std=gnu99 -funsigned-char -funsigned-bitfields -mmcu=atmega32 -DF_CPU=16000000UL -MMD -MP -MF"keypad.d" -MT"keypad.o" -c -o "keypad.o" "../keypad.c"
In file included from ../keypad.c:14:
c:/winavr-20100110/lib/gcc/../../avr/include/util/delay.h:90:3: warning: #warning "Compiler optimizations disabled; functions from <util/delay.h> won't work as designed"
Finished building: ../keypad.c
 
Building file: ../lcd.c
Invoking: AVR Compiler
avr-gcc -Wall -g2 -gstabs -O0 -fpack-struct -fshort-enums -ffunction-sections -fdata-sections -std=gnu99 -funsigned-char -funsigned-bitfields -mmcu=atmega32 -DF_CPU=16000000UL -MMD -MP -MF"lcd.d" -MT"lcd.o" -c -o "lcd.o" "../lcd.c"
In file included from ../lcd.c:13:
c:/winavr-20100110/lib/gcc/../../avr/include/util/delay.h:90:3: warning: #warning "Compiler optimizations disabled; functions from <util/delay.h> won't work as designed"
../lcd.c: In function 'LCD_intgerToString':
../lcd.c:209: warning: implicit declaration of function 'itoa'
Finished building: ../lcd.c
 
Building file: ../uart.c
Invoking: AVR Compiler
avr-gcc -Wall -g2 -gstabs -O0 -fpack-struct -fshort-enums -ffunction-sections -fdata-sections -std=gnu99 -funsigned-char -funsigned-bitfields -mmcu=atmega32 -DF_CPU=16000000UL -MMD -MP -MF"uart.d" -MT"uart.o" -c -o "uart.o" "../uart.c"
Finished building: ../uart.c
 
Building target: Jig_Control.elf
Invoking: AVR C Linker
avr-gcc -Wl,-Map,Jig_Control.map -mmcu=atmega32 -o "Jig_Control.elf"  ./Main_App.o ./gpio.o ./keypad.o ./lcd.o ./uart.o   
Finished building target: Jig_Control.elf
 
Invoking: AVR Create Extended Listing
avr-objdump -h -S Jig_Control.elf  >"Jig_Control.lss"
Finished building: Jig_Control.lss
 
Create Flash image (ihex format)
avr-objcopy -R .eeprom -R .fuse -R .lock -R .signature -O ihex Jig_Control.elf  "Jig_Control.hex"
Finished building: Jig_Control.hex
 
Invoking: Print Size
avr-size --format=avr --mcu=atmega32 Jig_Control.elf
AVR Memory Usage
----------------
Device: atmega32

Program:   12720 bytes (38.8% Full)
(.text + .data + .bootloader)

Data:        232 bytes (11.3% Full)
(.data + .bss + .noinit)


Finished building: sizedummy
 

22:41:00 Build Finished. 0 errors, 16 warnings. (took 2s.753ms)

